<?xml version="1.0" encoding="utf-8"?>
<TestRun id="381f188a-eb8f-41ed-a075-cd485778db3a" name="Kevin@DESKTOP-HA3SSPJ 2026-09-12 16:57:05" runUser="DESKTOP-HA3SSPJ\Kevin" xmlns="http://microsoft.com/schemas/VisualStudio/TeamTest/2010">
  <Times creation="2026-09-12T16:57:05.3583339+08:00" queuing="2026-09-12T16:57:05.3583342+08:00" start="2026-09-12T16:57:04.1727291+08:00" finish="2026-09-12T16:57:05.3626419+08:00" />
  <TestSettings name="default" id="b1cc372d-4f1d-4c7f-a806-cda8bb12129d">
    <Deployment runDeploymentRoot="Kevin_DESKTOP-HA3SSPJ_2026-09-12_16_57_05" />
  </TestSettings>
  <Results>
    <UnitTestResult executionId="e67f027a-8a56-4520-8f60-1fdb49e624a6" testId="b66ead89-aa59-2117-2ef5-e986e6765b96" testName="條件：輸入值為 10；預期：主流程寫入結果 21" computerName="DESKTOP-HA3SSPJ" duration="00:00:00.0852377" startTime="2026-09-12T16:57:05.0954785+08:00" endTime="2026-09-12T16:57:05.2530431+08:00" testType="13cdc9d9-ddb5-4fa4-a97d-d965ccfc6d4b" outcome="Passed" testListId="8c84fa94-04c1-424b-9868-57a2d4851a1d" relativeResultsDirectory="e67f027a-8a56-4520-8f60-1fdb49e624a6" />
  </Results>
  <TestDefinitions>
    <UnitTest name="條件：輸入值為 10；預期：主流程寫入結果 21" storage="c:\users\kevin\e2e\examples\completed_sample\test\testproject\bin\debug\testproject.dll" id="b66ead89-aa59-2117-2ef5-e986e6765b96">
      <Execution id="e67f027a-8a56-4520-8f60-1fdb49e624a6" />
      <TestMethod codeBase="C:\Users\kevin\e2e\examples\completed_sample\Test\TestProject\bin\Debug\TestProject.dll" adapterTypeName="executor://mstestadapter/v2" className="SampleBlockTests" name="NormalFlow" />
    </UnitTest>
  </TestDefinitions>
  <TestEntries>
    <TestEntry testId="b66ead89-aa59-2117-2ef5-e986e6765b96" executionId="e67f027a-8a56-4520-8f60-1fdb49e624a6" testListId="8c84fa94-04c1-424b-9868-57a2d4851a1d" />
  </TestEntries>
  <TestLists>
    <TestList name="不在清單中的結果" id="8c84fa94-04c1-424b-9868-57a2d4851a1d" />
    <TestList name="所有載入的結果" id="19431567-8539-422a-85d7-44ee4e166bda" />
  </TestLists>
  <ResultSummary outcome="Completed">
    <Counters total="1" executed="1" passed="1" failed="0" error="0" timeout="0" aborted="0" inconclusive="0" passedButRunAborted="0" notRunnable="0" notExecuted="0" disconnected="0" warning="0" completed="0" inProgress="0" pending="0" />
  </ResultSummary>
</TestRun>